\BOOKMARK [0][-]{chapter.1}{\376\377\000I\000n\000t\000r\000o\000d\000u\000c\000t\000i\000o\000n}{}% 1
\BOOKMARK [1][-]{section.1.1}{\376\377\000A\000\040\000w\000e\000l\000l\000-\000k\000n\000o\000w\000n\000\040\000e\000x\000a\000m\000p\000l\000e\000s\000\040\000t\000o\000\040\000i\000l\000l\000u\000s\000t\000r\000a\000t\000e\000\040\000m\000a\000n\000y\000\040\000o\000f\000\040\000t\000h\000e\000\040\000a\000b\000o\000v\000e\000\040\000c\000o\000n\000c\000e\000p\000t\000s}{chapter.1}% 2
\BOOKMARK [0][-]{chapter.2}{\376\377\000S\000p\000a\000c\000e\000,\000\040\000T\000i\000m\000e\000,\000\040\000M\000o\000t\000i\000o\000n\000,\000\040\000R\000e\000f\000e\000r\000e\000n\000c\000e\000\040\000F\000r\000a\000m\000e\000s\000\040\000a\000n\000d\000\040\000R\000e\000m\000i\000n\000d\000e\000r\000\040\000o\000n\000\040\000v\000e\000c\000t\000o\000r\000s\000\040\000a\000n\000d\000\040\000o\000t\000h\000e\000r\000\040\000m\000a\000t\000h\000e\000m\000a\000t\000i\000c\000a\000l\000\040\000q\000u\000a\000n\000t\000i\000t\000i\000e\000s}{}% 3
\BOOKMARK [1][-]{section.2.1}{\376\377\000D\000i\000m\000e\000n\000s\000i\000o\000n\000,\000\040\000u\000n\000i\000t\000s\000\040\000a\000n\000d\000\040\000l\000a\000b\000e\000l\000s}{chapter.2}% 4
\BOOKMARK [1][-]{section.2.2}{\376\377\000E\000l\000e\000m\000e\000n\000t\000s\000\040\000o\000f\000\040\000V\000e\000c\000t\000o\000r\000\040\000A\000l\000g\000e\000b\000r\000a}{chapter.2}% 5
\BOOKMARK [1][-]{section.2.3}{\376\377\000F\000a\000l\000l\000i\000n\000g\000\040\000b\000a\000s\000e\000b\000a\000l\000l\000\040\000i\000n\000\040\000o\000n\000e\000\040\000d\000i\000m\000e\000n\000s\000i\000o\000n}{chapter.2}% 6
\BOOKMARK [1][-]{section.2.4}{\376\377\000O\000u\000r\000\040\000P\000y\000t\000h\000o\000n\000\040\000E\000n\000c\000o\000u\000n\000t\000e\000r}{chapter.2}% 7
\BOOKMARK [1][-]{section.2.5}{\376\377\000A\000v\000e\000r\000a\000g\000e\000\040\000q\000u\000a\000n\000t\000i\000t\000i\000e\000s}{chapter.2}% 8
\BOOKMARK [1][-]{section.2.6}{\376\377\000C\000o\000m\000p\000a\000c\000t\000\040\000e\000q\000u\000a\000t\000i\000o\000n\000s}{chapter.2}% 9
\BOOKMARK [1][-]{section.2.7}{\376\377\000A\000\040\000d\000i\000f\000f\000e\000r\000e\000n\000t\000i\000a\000l\000\040\000e\000q\000u\000a\000t\000i\000o\000n}{chapter.2}% 10
\BOOKMARK [1][-]{section.2.8}{\376\377\000I\000n\000t\000e\000g\000r\000a\000t\000i\000n\000g\000\040\000o\000u\000r\000\040\000e\000q\000u\000a\000t\000i\000o\000n\000s}{chapter.2}% 11
\BOOKMARK [1][-]{section.2.9}{\376\377\000C\000o\000n\000s\000t\000a\000n\000t\000\040\000a\000c\000c\000e\000l\000e\000r\000a\000t\000i\000o\000n\000\040\000c\000a\000s\000e\000,\000\040\000t\000h\000e\000\040\000v\000e\000l\000o\000c\000i\000t\000y}{chapter.2}% 12
\BOOKMARK [1][-]{section.2.10}{\376\377\000C\000o\000m\000p\000u\000t\000i\000n\000g\000\040\000t\000h\000e\000\040\000a\000v\000e\000r\000a\000g\000e\000s}{chapter.2}% 13
\BOOKMARK [1][-]{section.2.11}{\376\377\000I\000n\000c\000l\000u\000d\000i\000n\000g\000\040\000A\000i\000r\000\040\000R\000e\000s\000i\000s\000t\000a\000n\000c\000e\000\040\000i\000n\000\040\000o\000u\000r\000\040\000m\000o\000d\000e\000l}{chapter.2}% 14
\BOOKMARK [1][-]{section.2.12}{\376\377\000A\000n\000a\000l\000y\000t\000i\000c\000a\000l\000\040\000s\000o\000l\000u\000t\000i\000o\000n\000s}{chapter.2}% 15
\BOOKMARK [1][-]{section.2.13}{\376\377\000F\000i\000n\000d\000i\000n\000g\000\040\000t\000h\000e\000\040\000f\000i\000n\000a\000l\000\040\000h\000e\000i\000g\000h\000t}{chapter.2}% 16
\BOOKMARK [1][-]{section.2.14}{\376\377\000O\000u\000r\000\040\000f\000i\000r\000s\000t\000\040\000a\000t\000t\000e\000m\000p\000t\000\040\000a\000t\000\040\000s\000o\000l\000v\000i\000n\000g\000\040\000d\000i\000f\000f\000e\000r\000e\000n\000t\000i\000a\000l\000\040\000e\000q\000u\000a\000t\000i\000o\000n\000s}{chapter.2}% 17
\BOOKMARK [1][-]{section.2.15}{\376\377\000D\000i\000s\000c\000r\000e\000t\000i\000z\000i\000n\000g\000\040\000o\000u\000r\000\040\000e\000q\000u\000a\000t\000i\000o\000n\000s}{chapter.2}% 18
\BOOKMARK [1][-]{section.2.16}{\376\377\000C\000o\000d\000e\000\040\000f\000o\000r\000\040\000i\000m\000p\000l\000e\000m\000e\000n\000t\000i\000n\000g\000\040\000E\000u\000l\000e\000r\040\031\000s\000\040\000m\000e\000t\000h\000o\000d}{chapter.2}% 19
\BOOKMARK [1][-]{section.2.17}{\376\377\000S\000i\000m\000p\000l\000e\000\040\000e\000x\000t\000e\000n\000s\000i\000o\000n\000,\000\040\000t\000h\000e\000\040\000E\000u\000l\000e\000r\000-\000C\000r\000o\000m\000e\000r\000\040\000m\000e\000t\000h\000o\000d}{chapter.2}% 20
\BOOKMARK [1][-]{section.2.18}{\376\377\000P\000y\000t\000h\000o\000n\000\040\000p\000r\000a\000c\000t\000i\000c\000a\000l\000i\000t\000i\000e\000s\000,\000\040\000S\000o\000f\000t\000w\000a\000r\000e\000\040\000a\000n\000d\000\040\000n\000e\000e\000d\000e\000d\000\040\000i\000n\000s\000t\000a\000l\000l\000a\000t\000i\000o\000n\000s}{chapter.2}% 21
\BOOKMARK [1][-]{section.2.19}{\376\377\000P\000y\000t\000h\000o\000n\000\040\000i\000n\000s\000t\000a\000l\000l\000e\000r\000s}{chapter.2}% 22
\BOOKMARK [1][-]{section.2.20}{\376\377\000U\000s\000e\000f\000u\000l\000\040\000P\000y\000t\000h\000o\000n\000\040\000l\000i\000b\000r\000a\000r\000i\000e\000s}{chapter.2}% 23
\BOOKMARK [1][-]{section.2.21}{\376\377\000N\000u\000m\000p\000y\000\040\000e\000x\000a\000m\000p\000l\000e\000s\000\040\000a\000n\000d\000\040\000I\000m\000p\000o\000r\000t\000a\000n\000t\000\040\000M\000a\000t\000r\000i\000x\000\040\000a\000n\000d\000\040\000v\000e\000c\000t\000o\000r\000\040\000h\000a\000n\000d\000l\000i\000n\000g\000\040\000p\000a\000c\000k\000a\000g\000e\000s}{chapter.2}% 24
\BOOKMARK [1][-]{section.2.22}{\376\377\000B\000a\000s\000i\000c\000\040\000M\000a\000t\000r\000i\000x\000\040\000F\000e\000a\000t\000u\000r\000e\000s}{chapter.2}% 25
\BOOKMARK [1][-]{section.2.23}{\376\377\000N\000u\000m\000p\000y\000\040\000a\000n\000d\000\040\000a\000r\000r\000a\000y\000s}{chapter.2}% 26
\BOOKMARK [1][-]{section.2.24}{\376\377\000M\000a\000t\000r\000i\000c\000e\000s\000\040\000i\000n\000\040\000P\000y\000t\000h\000o\000n}{chapter.2}% 27
\BOOKMARK [1][-]{section.2.25}{\376\377\000M\000e\000e\000t\000\040\000t\000h\000e\000\040\000P\000a\000n\000d\000a\000s}{chapter.2}% 28
\BOOKMARK [0][-]{chapter.3}{\376\377\000B\000a\000s\000i\000c\000\040\000S\000t\000e\000p\000s\000\040\000o\000f\000\040\000S\000c\000i\000e\000n\000t\000i\000f\000i\000c\000\040\000I\000n\000v\000e\000s\000t\000i\000g\000a\000t\000i\000o\000n\000s}{}% 29
\BOOKMARK [1][-]{section.3.1}{\376\377\000I\000d\000e\000n\000t\000i\000f\000y\000i\000n\000g\000\040\000o\000u\000r\000\040\000S\000y\000s\000t\000e\000m}{chapter.3}% 30
\BOOKMARK [1][-]{section.3.2}{\376\377\000D\000e\000f\000i\000n\000i\000n\000g\000\040\000a\000\040\000M\000o\000d\000e\000l}{chapter.3}% 31
\BOOKMARK [1][-]{section.3.3}{\376\377\000S\000o\000l\000v\000i\000n\000g\000\040\000t\000h\000e\000\040\000E\000q\000u\000a\000t\000i\000o\000n\000s}{chapter.3}% 32
\BOOKMARK [1][-]{section.3.4}{\376\377\000N\000e\000w\000t\000o\000n\040\031\000s\000\040\000L\000a\000w\000s}{chapter.3}% 33
\BOOKMARK [1][-]{section.3.5}{\376\377\000S\000e\000t\000t\000i\000n\000g\000\040\000u\000p\000\040\000a\000\040\000m\000o\000d\000e\000l\000\040\000f\000o\000r\000\040\000f\000o\000r\000c\000e\000s\000\040\000a\000c\000t\000i\000n\000g\000\040\000o\000n\000\040\000a\000n\000\040\000o\000b\000j\000e\000c\000t}{chapter.3}% 34
\BOOKMARK [1][-]{section.3.6}{\376\377\000N\000e\000w\000t\000o\000n\040\031\000s\000\040\000L\000a\000w\000s\000,\000\040\000t\000h\000e\000\040\000S\000e\000c\000o\000n\000d\000\040\000o\000n\000e\000\040\000f\000i\000r\000s\000t}{chapter.3}% 35
\BOOKMARK [1][-]{section.3.7}{\376\377\000T\000h\000e\000n\000\040\000t\000h\000e\000\040\000F\000i\000r\000s\000t\000\040\000L\000a\000w}{chapter.3}% 36
\BOOKMARK [1][-]{section.3.8}{\376\377\000A\000n\000d\000\040\000f\000i\000n\000a\000l\000l\000y\000\040\000t\000h\000e\000\040\000T\000h\000i\000r\000d\000\040\000L\000a\000w}{chapter.3}% 37
\BOOKMARK [1][-]{section.3.9}{\376\377\000M\000o\000t\000i\000o\000n\000\040\000o\000f\000\040\000a\000\040\000S\000i\000n\000g\000l\000e\000\040\000O\000b\000j\000e\000c\000t}{chapter.3}% 38
\BOOKMARK [1][-]{section.3.10}{\376\377\000A\000i\000r\000\040\000R\000e\000s\000i\000s\000t\000a\000n\000c\000e\000\040\000i\000n\000\040\000O\000n\000e\000\040\000D\000i\000m\000e\000n\000s\000i\000o\000n}{chapter.3}% 39
\BOOKMARK [1][-]{section.3.11}{\376\377\000R\000e\000s\000u\000l\000t\000i\000n\000g\000\040\000A\000c\000c\000e\000l\000e\000r\000a\000t\000i\000o\000n}{chapter.3}% 40
\BOOKMARK [1][-]{section.3.12}{\376\377\000G\000o\000i\000n\000g\000\040\000B\000a\000l\000l\000i\000s\000t\000i\000c\000,\000\040\000P\000r\000o\000j\000e\000c\000t\000i\000l\000e\000\040\000M\000o\000t\000i\000o\000n\000\040\000o\000r\000\040\000a\000\040\000S\000o\000f\000t\000e\000r\000\040\000A\000p\000p\000r\000o\000a\000c\000h\000,\000\040\000F\000a\000l\000l\000i\000n\000g\000\040\000R\000a\000i\000n\000d\000r\000o\000p\000s}{chapter.3}% 41
\BOOKMARK [1][-]{section.3.13}{\376\377\000W\000a\000y\000s\000\040\000o\000f\000\040\000s\000o\000l\000v\000i\000n\000g\000\040\000t\000h\000e\000s\000e\000\040\000e\000q\000u\000a\000t\000i\000o\000n\000s}{chapter.3}% 42
\BOOKMARK [1][-]{section.3.14}{\376\377\000S\000o\000l\000v\000i\000n\000g\000\040\000a\000s\000\040\000d\000i\000f\000f\000e\000r\000e\000n\000t\000i\000a\000l\000\040\000e\000q\000u\000a\000t\000i\000o\000n\000s}{chapter.3}% 43
\BOOKMARK [1][-]{section.3.15}{\376\377\000D\000i\000f\000f\000e\000r\000e\000n\000t\000i\000a\000l\000\040\000E\000q\000u\000a\000t\000i\000o\000n\000s\000,\000\040\000c\000o\000n\000t\000n}{chapter.3}% 44
\BOOKMARK [1][-]{section.3.16}{\376\377\000S\000p\000l\000i\000t\000t\000i\000n\000g\000\040\000i\000n\000t\000o\000\040\000t\000w\000o\000\040\000p\000a\000r\000t\000s}{chapter.3}% 45
\BOOKMARK [1][-]{section.3.17}{\376\377\000M\000o\000r\000e\000\040\000d\000e\000t\000a\000i\000l\000s}{chapter.3}% 46
\BOOKMARK [1][-]{section.3.18}{\376\377\000M\000o\000t\000i\000o\000n\000\040\000i\000n\000\040\000a\000\040\000M\000a\000g\000n\000e\000t\000i\000c\000\040\000F\000i\000e\000l\000d}{chapter.3}% 47
\BOOKMARK [1][-]{section.3.19}{\376\377\000S\000l\000i\000d\000i\000n\000g\000\040\000B\000l\000o\000c\000k\000\040\000t\000i\000e\000d\000\040\000t\000o\000\040\000a\000\040\000W\000a\000l\000l}{chapter.3}% 48
\BOOKMARK [1][-]{section.3.20}{\376\377\000T\000h\000e\000\040\000c\000l\000a\000s\000s\000i\000c\000a\000l\000\040\000p\000e\000n\000d\000u\000l\000u\000m\000\040\000a\000n\000d\000\040\000s\000c\000a\000l\000i\000n\000g\000\040\000t\000h\000e\000\040\000e\000q\000u\000a\000t\000i\000o\000n\000s}{chapter.3}% 49
\BOOKMARK [1][-]{section.3.21}{\376\377\000M\000o\000r\000e\000\040\000o\000n\000\040\000t\000h\000e\000\040\000P\000e\000n\000d\000u\000l\000u\000m}{chapter.3}% 50
\BOOKMARK [1][-]{section.3.22}{\376\377\000M\000o\000r\000e\000\040\000o\000n\000\040\000t\000h\000e\000\040\000P\000e\000n\000d\000u\000l\000u\000m}{chapter.3}% 51
\BOOKMARK [0][-]{chapter.4}{\376\377\000W\000o\000r\000k\000,\000\040\000E\000n\000e\000r\000g\000y\000,\000\040\000M\000o\000m\000e\000n\000t\000u\000m\000\040\000a\000n\000d\000\040\000C\000o\000n\000s\000e\000r\000v\000a\000t\000i\000o\000n\000\040\000l\000a\000w\000s}{}% 52
\BOOKMARK [1][-]{section.4.1}{\376\377\000E\000n\000e\000r\000g\000y\000\040\000C\000o\000n\000s\000e\000r\000v\000a\000t\000i\000o\000n}{chapter.4}% 53
\BOOKMARK [1][-]{section.4.2}{\376\377\000C\000o\000n\000s\000e\000r\000v\000a\000t\000i\000o\000n\000\040\000o\000f\000\040\000M\000o\000m\000e\000n\000t\000u\000m}{chapter.4}% 54
\BOOKMARK [1][-]{section.4.3}{\376\377\000C\000o\000n\000s\000e\000r\000v\000a\000t\000i\000o\000n\000\040\000o\000f\000\040\000A\000n\000g\000u\000l\000a\000r\000\040\000M\000o\000m\000e\000n\000t\000u\000m}{chapter.4}% 55
\BOOKMARK [1][-]{section.4.4}{\376\377\000S\000y\000m\000m\000e\000t\000r\000i\000e\000s\000\040\000a\000n\000d\000\040\000C\000o\000n\000s\000e\000r\000v\000a\000t\000i\000o\000n\000\040\000L\000a\000w\000s}{chapter.4}% 56
\BOOKMARK [1][-]{section.4.5}{\376\377\000B\000u\000l\000d\000i\000n\000g\000\040\000a\000\040\000c\000o\000d\000e\000\040\000f\000o\000r\000\040\000t\000h\000e\000\040\000E\000a\000r\000t\000h\000-\000S\000u\000n\000\040\000s\000y\000s\000t\000e\000m}{chapter.4}% 57
\BOOKMARK [1][-]{section.4.6}{\376\377\000B\000u\000i\000l\000d\000i\000n\000g\000\040\000a\000\040\000c\000o\000d\000e\000\040\000f\000o\000r\000\040\000t\000h\000e\000\040\000s\000o\000l\000a\000r\000\040\000s\000y\000s\000t\000e\000m\000,\000\040\000f\000i\000n\000a\000l\000\040\000c\000o\000u\000p\000l\000e\000d\000\040\000e\000q\000u\000a\000t\000i\000o\000n\000s}{chapter.4}% 58
\BOOKMARK [1][-]{section.4.7}{\376\377\000B\000u\000i\000l\000d\000i\000n\000g\000\040\000a\000\040\000c\000o\000d\000e\000\040\000f\000o\000r\000\040\000t\000h\000e\000\040\000s\000o\000l\000a\000r\000\040\000s\000y\000s\000t\000e\000m\000,\000\040\000d\000i\000s\000c\000r\000e\000t\000i\000z\000e\000d\000\040\000e\000q\000u\000a\000t\000i\000o\000n\000s}{chapter.4}% 59
\BOOKMARK [1][-]{section.4.8}{\376\377\000C\000o\000d\000e\000\040\000E\000x\000a\000m\000p\000l\000e\000\040\000w\000i\000t\000h\000\040\000E\000u\000l\000e\000r\040\031\000s\000\040\000M\000e\000t\000h\000o\000d}{chapter.4}% 60
\BOOKMARK [1][-]{section.4.9}{\376\377\000P\000r\000o\000b\000l\000e\000m\000s\000\040\000w\000i\000t\000h\000\040\000E\000u\000l\000e\000r\040\031\000s\000\040\000M\000e\000t\000h\000o\000d}{chapter.4}% 61
\BOOKMARK [1][-]{section.4.10}{\376\377\000D\000e\000r\000i\000v\000i\000n\000g\000\040\000t\000h\000e\000\040\000E\000u\000l\000e\000r\000-\000C\000r\000o\000m\000e\000r\000\040\000M\000e\000t\000h\000o\000d}{chapter.4}% 62
\BOOKMARK [1][-]{section.4.11}{\376\377\000D\000e\000r\000i\000v\000i\000n\000g\000\040\000t\000h\000e\000\040\000V\000e\000l\000o\000c\000i\000t\000y\000-\000V\000e\000r\000l\000e\000t\000\040\000M\000e\000t\000h\000o\000d}{chapter.4}% 63
\BOOKMARK [1][-]{section.4.12}{\376\377\000T\000h\000e\000\040\000v\000e\000l\000o\000c\000i\000t\000y\000\040\000V\000e\000r\000l\000e\000t\000\040\000m\000e\000t\000h\000o\000d}{chapter.4}% 64
\BOOKMARK [1][-]{section.4.13}{\376\377\000A\000d\000d\000i\000n\000g\000\040\000t\000h\000e\000\040\000V\000e\000l\000o\000c\000i\000t\000y\000-\000V\000e\000r\000l\000e\000t\000\040\000M\000e\000t\000h\000o\000d}{chapter.4}% 65
\BOOKMARK [1][-]{section.4.14}{\376\377\000S\000t\000u\000d\000y\000i\000n\000g\000\040\000E\000n\000e\000r\000g\000y\000\040\000C\000o\000n\000s\000e\000r\000v\000a\000t\000i\000o\000n}{chapter.4}% 66
\BOOKMARK [1][-]{section.4.15}{\376\377\000N\000u\000m\000e\000r\000i\000c\000a\000l\000\040\000I\000n\000t\000e\000g\000r\000a\000t\000i\000o\000n}{chapter.4}% 67
\BOOKMARK [1][-]{section.4.16}{\376\377\000N\000u\000m\000e\000r\000i\000c\000a\000l\000\040\000I\000n\000t\000e\000g\000r\000a\000t\000i\000o\000n}{chapter.4}% 68
\BOOKMARK [1][-]{section.4.17}{\376\377\000N\000e\000w\000t\000o\000n\000-\000C\000o\000t\000e\000s\000\040\000Q\000u\000a\000d\000r\000a\000t\000u\000r\000e\000\040\000o\000r\000\040\000e\000q\000u\000a\000l\000-\000s\000t\000e\000p\000\040\000m\000e\000t\000h\000o\000d\000s}{chapter.4}% 69
\BOOKMARK [1][-]{section.4.18}{\376\377\000B\000a\000s\000i\000c\000\040\000p\000h\000i\000l\000o\000s\000o\000p\000h\000y\000\040\000o\000f\000\040\000e\000q\000u\000a\000l\000-\000s\000t\000e\000p\000\040\000m\000e\000t\000h\000o\000d\000s}{chapter.4}% 70
\BOOKMARK [1][-]{section.4.19}{\376\377\000T\000h\000e\000\040\000r\000e\000c\000t\000a\000n\000g\000l\000e\000\040\000m\000e\000t\000h\000o\000d}{chapter.4}% 71
\BOOKMARK [1][-]{section.4.20}{\376\377\000T\000h\000e\000\040\000t\000r\000a\000p\000e\000z\000o\000i\000d\000a\000l\000\040\000r\000u\000l\000e}{chapter.4}% 72
\BOOKMARK [1][-]{section.4.21}{\376\377\000A\000l\000g\000o\000r\000i\000t\000h\000m\000\040\000f\000o\000r\000\040\000t\000h\000e\000\040\000t\000r\000a\000p\000e\000z\000o\000i\000d\000a\000l\000\040\000r\000u\000l\000e}{chapter.4}% 73
\BOOKMARK [1][-]{section.4.22}{\376\377\000S\000i\000m\000p\000s\000o\000n\000s\040\031\000\040\000r\000u\000l\000e}{chapter.4}% 74
\BOOKMARK [1][-]{section.4.23}{\376\377\000A\000l\000g\000o\000r\000i\000t\000h\000m\000\040\000f\000o\000r\000\040\000S\000i\000m\000p\000s\000o\000n\040\031\000s\000\040\000r\000u\000l\000e}{chapter.4}% 75
\BOOKMARK [1][-]{section.4.24}{\376\377\000C\000o\000d\000e\000\040\000e\000x\000a\000m\000p\000l\000e}{chapter.4}% 76
\BOOKMARK [0][-]{chapter.5}{\376\377\000H\000a\000r\000m\000o\000n\000i\000c\000\040\000O\000s\000c\000i\000l\000l\000a\000t\000i\000o\000n\000s}{}% 77
\BOOKMARK [1][-]{section.5.1}{\376\377\000D\000a\000m\000p\000e\000d\000\040\000O\000s\000c\000i\000l\000l\000a\000t\000o\000r\000s}{chapter.5}% 78
\BOOKMARK [1][-]{section.5.2}{\376\377\000S\000i\000n\000u\000s\000o\000i\000d\000a\000l\000l\000y\000\040\000D\000r\000i\000v\000e\000n\000\040\000O\000s\000c\000i\000l\000l\000a\000t\000o\000r\000s}{chapter.5}% 79
\BOOKMARK [1][-]{section.5.3}{\376\377\000A\000l\000t\000e\000r\000n\000a\000t\000i\000v\000e\000\040\000D\000e\000r\000i\000v\000a\000t\000i\000o\000n\000\040\000f\000o\000r\000\040\000D\000r\000i\000v\000e\000n\000\040\000O\000s\000c\000i\000l\000l\000a\000t\000o\000r\000s}{chapter.5}% 80
\BOOKMARK [1][-]{section.5.4}{\376\377\000R\000e\000s\000o\000n\000a\000n\000c\000e\000\040\000W\000i\000d\000t\000h\000s\000;\000\040\000t\000h\000e\000\040\000Q\000\040\000f\000a\000c\000t\000o\000r}{chapter.5}% 81
\BOOKMARK [1][-]{section.5.5}{\376\377\000N\000u\000m\000e\000r\000i\000c\000a\000l\000\040\000S\000t\000u\000d\000i\000e\000s\000\040\000o\000f\000\040\000D\000r\000i\000v\000e\000n\000\040\000O\000s\000c\000i\000l\000l\000a\000t\000i\000o\000n\000s}{chapter.5}% 82
\BOOKMARK [1][-]{section.5.6}{\376\377\000D\000i\000f\000f\000e\000r\000e\000n\000t\000i\000a\000l\000\040\000E\000q\000u\000a\000t\000i\000o\000n\000s\000,\000\040\000R\000u\000n\000g\000e\000-\000K\000u\000t\000t\000a\000\040\000m\000e\000t\000h\000o\000d\000s}{chapter.5}% 83
\BOOKMARK [1][-]{section.5.7}{\376\377\000P\000r\000i\000n\000c\000i\000p\000l\000e\000\040\000o\000f\000\040\000S\000u\000p\000e\000r\000p\000o\000s\000i\000t\000i\000o\000n\000\040\000a\000n\000d\000\040\000P\000e\000r\000i\000o\000d\000i\000c\000\040\000F\000o\000r\000c\000e\000s\000\040\000\050\000F\000o\000u\000r\000i\000e\000r\000\040\000T\000r\000a\000n\000s\000f\000o\000r\000m\000s\000\051}{chapter.5}% 84
\BOOKMARK [1][-]{section.5.8}{\376\377\000F\000o\000u\000r\000i\000e\000r\000\040\000S\000e\000r\000i\000e\000s}{chapter.5}% 85
\BOOKMARK [1][-]{section.5.9}{\376\377\000S\000o\000l\000v\000i\000n\000g\000\040\000d\000i\000f\000f\000e\000r\000e\000n\000t\000i\000a\000l\000\040\000e\000q\000u\000a\000t\000i\000o\000n\000s\000\040\000w\000i\000t\000h\000\040\000F\000o\000u\000r\000i\000e\000s\000\040\000s\000e\000r\000i\000e\000s}{chapter.5}% 86
\BOOKMARK [1][-]{section.5.10}{\376\377\000T\000h\000e\000\040\000c\000l\000a\000s\000s\000i\000c\000a\000l\000\040\000p\000e\000n\000d\000u\000l\000u\000m\000\040\000a\000n\000d\000\040\000s\000c\000a\000l\000i\000n\000g\000\040\000t\000h\000e\000\040\000e\000q\000u\000a\000t\000i\000o\000n\000s}{chapter.5}% 87
\BOOKMARK [0][-]{chapter.6}{\376\377\000G\000r\000a\000v\000i\000t\000y\000\040\000a\000n\000d\000\040\000C\000e\000n\000t\000r\000a\000l\000\040\000F\000o\000r\000c\000e\000s}{}% 88
\BOOKMARK [1][-]{section.6.1}{\376\377\000R\000e\000l\000a\000t\000i\000v\000e\000\040\000a\000n\000d\000\040\000C\000e\000n\000t\000e\000r\000\040\000o\000f\000\040\000M\000a\000s\000s\000\040\000M\000o\000t\000i\000o\000n}{chapter.6}% 89
\BOOKMARK [1][-]{section.6.2}{\376\377\000D\000e\000r\000i\000v\000i\000n\000g\000\040\000E\000l\000l\000i\000p\000t\000i\000c\000a\000l\000\040\000O\000r\000b\000i\000t\000s}{chapter.6}% 90
\BOOKMARK [1][-]{section.6.3}{\376\377\000E\000f\000f\000e\000c\000t\000i\000v\000e\000\040\000o\000r\000\040\000C\000e\000n\000t\000r\000i\000f\000u\000g\000a\000l\000\040\000P\000o\000t\000e\000n\000t\000i\000a\000l}{chapter.6}% 91
\BOOKMARK [1][-]{section.6.4}{\376\377\000S\000t\000a\000b\000i\000l\000i\000t\000y\000\040\000o\000f\000\040\000O\000r\000b\000i\000t\000s}{chapter.6}% 92
\BOOKMARK [1][-]{section.6.5}{\376\377\000S\000c\000a\000t\000t\000e\000r\000i\000n\000g\000\040\000a\000n\000d\000\040\000C\000r\000o\000s\000s\000\040\000S\000e\000c\000t\000i\000o\000n\000s}{chapter.6}% 93
\BOOKMARK [1][-]{section.6.6}{\376\377\000R\000u\000t\000h\000e\000r\000f\000o\000r\000d\000\040\000S\000c\000a\000t\000t\000e\000r\000i\000n\000g}{chapter.6}% 94
\BOOKMARK [1][-]{section.6.7}{\376\377\000T\000i\000d\000a\000l\000\040\000F\000o\000r\000c\000e\000s}{chapter.6}% 95
\BOOKMARK [0][-]{chapter.7}{\376\377\000V\000a\000r\000i\000a\000t\000i\000o\000n\000a\000l\000\040\000C\000a\000l\000c\000u\000l\000u\000s\000\040\000a\000n\000d\000\040\000L\000a\000g\000r\000a\000n\000g\000i\000a\000n\000\040\000F\000o\000r\000m\000a\000l\000i\000s\000m}{}% 96
\BOOKMARK [1][-]{section.7.1}{\376\377\000C\000o\000n\000s\000t\000r\000a\000i\000n\000e\000d\000\040\000m\000o\000t\000i\000o\000n}{chapter.7}% 97
\BOOKMARK [1][-]{section.7.2}{\376\377\000L\000a\000g\000r\000a\000n\000g\000i\000a\000n\000s}{chapter.7}% 98
\BOOKMARK [1][-]{section.7.3}{\376\377\000S\000m\000a\000l\000l\000\040\000V\000i\000b\000r\000a\000t\000i\000o\000n\000s\000\040\000a\000n\000d\000\040\000N\000o\000r\000m\000a\000l\000\040\000M\000o\000d\000e\000s}{chapter.7}% 99
\BOOKMARK [1][-]{section.7.4}{\376\377\000C\000o\000n\000s\000e\000r\000v\000a\000t\000i\000o\000n\000\040\000L\000a\000w\000s}{chapter.7}% 100
